<?xml version="1.0" encoding="UTF-8"?>
<!-- Generated by org.testng.reporters.JUnitReportReporter -->
<testsuite hostname="DESKTOP-HPG8DBN" failures="0" tests="1" name="Day8.getUser" time="1.002" errors="0" timestamp="2024-11-16T09:49:10 IST" skipped="0">
  <testcase classname="Day8.getUser" name="testgetuser" time="1.002"/>
</testsuite> <!-- Day8.getUser -->
