<?xml version="1.0" encoding="UTF-8"?>
<!-- Generated by org.testng.reporters.JUnitReportReporter -->
<testsuite hostname="DESKTOP-HPG8DBN" failures="0" tests="2" name="Day5.XMLParsingResponse" time="4.597" errors="0" timestamp="2024-11-14T12:04:12 IST" skipped="0">
  <testcase classname="Day5.XMLParsingResponse" name="testXMLResponse" time="4.211"/>
  <testcase classname="Day5.XMLParsingResponse" name="testXMLResponseBody" time="0.386"/>
</testsuite> <!-- Day5.XMLParsingResponse -->
