<?xml version="1.0" encoding="UTF-8"?>
<!-- Generated by org.testng.reporters.JUnitReportReporter -->
<testsuite hostname="DESKTOP-HPG8DBN" failures="0" tests="1" name="Day4.ParsingJsonResponseData" time="3.198" errors="0" timestamp="2024-11-13T16:25:15 IST" skipped="0">
  <testcase classname="Day4.ParsingJsonResponseData" name="SearchingDataInJSONobj" time="3.198"/>
</testsuite> <!-- Day4.ParsingJsonResponseData -->
