<?xml version="1.0" encoding="UTF-8"?>
<!-- Generated by org.testng.reporters.JUnitReportReporter -->
<testsuite hostname="DESKTOP-HPG8DBN" failures="0" tests="1" name="Day3.TestQueryAndPathParameter" time="4.407" errors="0" timestamp="2024-11-11T11:24:50 IST" skipped="0">
  <testcase classname="Day3.TestQueryAndPathParameter" name="testQueryAndPathParameter" time="4.407"/>
</testsuite> <!-- Day3.TestQueryAndPathParameter -->
