<?xml version="1.0" encoding="UTF-8"?>
<!-- Generated by org.testng.reporters.JUnitReportReporter -->
<testsuite hostname="DESKTOP-HPG8DBN" failures="0" tests="1" name="Day3.HeaderDemo" time="4.375" errors="0" timestamp="2024-11-12T09:32:00 IST" skipped="0">
  <testcase classname="Day3.HeaderDemo" name="testHeader" time="4.375"/>
</testsuite> <!-- Day3.HeaderDemo -->
