<?xml version="1.0" encoding="UTF-8"?>
<!-- Generated by org.testng.reporters.JUnitReportReporter -->
<testsuite hostname="DESKTOP-HPG8DBN" failures="0" tests="2" name="Day6.SerilizationAndDserilization" time="0.397" errors="0" timestamp="2024-11-15T04:21:44 IST" skipped="0">
  <testcase classname="Day6.SerilizationAndDserilization" name="ConvertPOJOtoJson" time="0.025"/>
  <testcase classname="Day6.SerilizationAndDserilization" name="ConvertJsonToPOJO" time="0.372"/>
</testsuite> <!-- Day6.SerilizationAndDserilization -->
