<?xml version="1.0" encoding="UTF-8"?>
<!-- Generated by org.testng.reporters.JUnitReportReporter -->
<testsuite hostname="DESKTOP-HPG8DBN" failures="0" tests="1" name="Day3.cookiesDemo" time="3.729" errors="0" timestamp="2024-11-12T03:28:12 IST" skipped="0">
  <testcase classname="Day3.cookiesDemo" name="getcookiesInfo" time="3.729"/>
</testsuite> <!-- Day3.cookiesDemo -->
