<?xml version="1.0" encoding="UTF-8"?>
<!-- Generated by org.testng.reporters.JUnitReportReporter -->
<testsuite hostname="DESKTOP-HPG8DBN" failures="0" tests="1" name="Day3.LogDemo" time="2.795" errors="0" timestamp="2024-11-12T09:42:24 IST" skipped="0">
  <testcase classname="Day3.LogDemo" name="testHeader" time="2.795"/>
</testsuite> <!-- Day3.LogDemo -->
