<?xml version="1.0" encoding="UTF-8"?>
<!-- Generated by org.testng.reporters.JUnitReportReporter -->
<testsuite hostname="DESKTOP-HPG8DBN" failures="0" tests="3" name="Day1.HTTPRequest" time="4.370" errors="0" timestamp="2024-11-10T23:35:26 IST" skipped="0">
  <testcase classname="Day1.HTTPRequest" name="createUser" time="4.181"/>
  <testcase classname="Day1.HTTPRequest" name="updateUser" time="0.152"/>
  <testcase classname="Day1.HTTPRequest" name="deleteUser" time="0.037"/>
</testsuite> <!-- Day1.HTTPRequest -->
